step: 250
{
    "mrpc": {
        "acc": 0.7303921568627451
    },
    "cola": {
        "matthews": 0.0
    }
}
----------
step: 500
{
    "mrpc": {
        "acc": 0.7769607843137255
    },
    "cola": {
        "matthews": 0.4245984455514523
    }
}
----------
step: 750
{
    "mrpc": {
        "acc": 0.821078431372549
    },
    "cola": {
        "matthews": 0.46612183496010656
    }
}
----------
step: 1000
{
    "mrpc": {
        "acc": 0.8504901960784313
    },
    "cola": {
        "matthews": 0.49394998193355627
    }
}
----------
step: 1250
{
    "mrpc": {
        "acc": 0.8382352941176471
    },
    "cola": {
        "matthews": 0.480312427024804
    }
}
----------
step: 1500
{
    "mrpc": {
        "acc": 0.8431372549019608
    },
    "cola": {
        "matthews": 0.47776696465916185
    }
}
----------
step: 1750
{
    "mrpc": {
        "acc": 0.8529411764705882
    },
    "cola": {
        "matthews": 0.4615876015976496
    }
}
----------
step: 2000
{
    "mrpc": {
        "acc": 0.8455882352941176
    },
    "cola": {
        "matthews": 0.4693178785027726
    }
}
----------
