step: 250
{
    "rte": {
        "acc": 0.5342960288808665
    },
    "cola": {
        "matthews": 0.0
    }
}
----------
step: 500
{
    "rte": {
        "acc": 0.5992779783393501
    },
    "cola": {
        "matthews": 0.4691630965296861
    }
}
----------
step: 750
{
    "rte": {
        "acc": 0.6678700361010831
    },
    "cola": {
        "matthews": 0.4438427150643349
    }
}
----------
step: 1000
{
    "rte": {
        "acc": 0.631768953068592
    },
    "cola": {
        "matthews": 0.5319354120310512
    }
}
----------
step: 1250
{
    "rte": {
        "acc": 0.6462093862815884
    },
    "cola": {
        "matthews": 0.4774369580816155
    }
}
----------
step: 1500
{
    "rte": {
        "acc": 0.6678700361010831
    },
    "cola": {
        "matthews": 0.4858792091986291
    }
}
----------
step: 1750
{
    "rte": {
        "acc": 0.6750902527075813
    },
    "cola": {
        "matthews": 0.4913288678758369
    }
}
----------
step: 2000
{
    "rte": {
        "acc": 0.6714801444043321
    },
    "cola": {
        "matthews": 0.47826007446633384
    }
}
----------
