step: 250
{
    "rte": {
        "acc": 0.5956678700361011
    },
    "mrpc": {
        "acc": 0.7475490196078431
    }
}
----------
step: 500
{
    "rte": {
        "acc": 0.6642599277978339
    },
    "mrpc": {
        "acc": 0.8112745098039216
    }
}
----------
step: 750
{
    "rte": {
        "acc": 0.6570397111913358
    },
    "mrpc": {
        "acc": 0.8357843137254902
    }
}
----------
step: 1000
{
    "rte": {
        "acc": 0.6570397111913358
    },
    "mrpc": {
        "acc": 0.8382352941176471
    }
}
----------
step: 1250
{
    "rte": {
        "acc": 0.6714801444043321
    },
    "mrpc": {
        "acc": 0.8455882352941176
    }
}
----------
step: 1500
{
    "rte": {
        "acc": 0.6642599277978339
    },
    "mrpc": {
        "acc": 0.8480392156862745
    }
}
----------
step: 1750
{
    "rte": {
        "acc": 0.6678700361010831
    },
    "mrpc": {
        "acc": 0.8480392156862745
    }
}
----------
step: 2000
{
    "rte": {
        "acc": 0.6678700361010831
    },
    "mrpc": {
        "acc": 0.8431372549019608
    }
}
----------
