step: 250
{
    "rte": {
        "acc": 0.5740072202166066
    },
    "mrpc": {
        "acc": 0.7352941176470589
    },
    "cola": {
        "matthews": 0.0463559874942472
    }
}
----------
step: 500
{
    "rte": {
        "acc": 0.6534296028880866
    },
    "mrpc": {
        "acc": 0.8112745098039216
    },
    "cola": {
        "matthews": 0.37532966531852174
    }
}
----------
step: 750
{
    "rte": {
        "acc": 0.6606498194945848
    },
    "mrpc": {
        "acc": 0.8504901960784313
    },
    "cola": {
        "matthews": 0.47756950398908987
    }
}
----------
step: 1000
{
    "rte": {
        "acc": 0.6895306859205776
    },
    "mrpc": {
        "acc": 0.8235294117647058
    },
    "cola": {
        "matthews": 0.43187318186861395
    }
}
----------
step: 1250
{
    "rte": {
        "acc": 0.6823104693140795
    },
    "mrpc": {
        "acc": 0.8504901960784313
    },
    "cola": {
        "matthews": 0.4608371202972188
    }
}
----------
step: 1500
{
    "rte": {
        "acc": 0.6895306859205776
    },
    "mrpc": {
        "acc": 0.8455882352941176
    },
    "cola": {
        "matthews": 0.4468514158987457
    }
}
----------
step: 1750
{
    "rte": {
        "acc": 0.6787003610108303
    },
    "mrpc": {
        "acc": 0.8455882352941176
    },
    "cola": {
        "matthews": 0.44123089969348334
    }
}
----------
step: 2000
{
    "rte": {
        "acc": 0.6931407942238267
    },
    "mrpc": {
        "acc": 0.8578431372549019
    },
    "cola": {
        "matthews": 0.4471424664690105
    }
}
----------
