step: 250
{
    "rte": {
        "acc": 0.6245487364620939
    },
    "stsb": {
        "spearmanr": 0.8507059564318387
    },
    "mrpc": {
        "acc": 0.7132352941176471
    }
}
----------
step: 500
{
    "rte": {
        "acc": 0.6606498194945848
    },
    "stsb": {
        "spearmanr": 0.8709639490417754
    },
    "mrpc": {
        "acc": 0.7622549019607843
    }
}
----------
step: 750
{
    "rte": {
        "acc": 0.6895306859205776
    },
    "stsb": {
        "spearmanr": 0.8725546654406228
    },
    "mrpc": {
        "acc": 0.7696078431372549
    }
}
----------
step: 1000
{
    "rte": {
        "acc": 0.6750902527075813
    },
    "stsb": {
        "spearmanr": 0.8771482486777948
    },
    "mrpc": {
        "acc": 0.7745098039215687
    }
}
----------
step: 1250
{
    "rte": {
        "acc": 0.7148014440433214
    },
    "stsb": {
        "spearmanr": 0.8771820938968513
    },
    "mrpc": {
        "acc": 0.8235294117647058
    }
}
----------
step: 1500
{
    "rte": {
        "acc": 0.7075812274368231
    },
    "stsb": {
        "spearmanr": 0.8751141689840478
    },
    "mrpc": {
        "acc": 0.8235294117647058
    }
}
----------
step: 1750
{
    "rte": {
        "acc": 0.7003610108303249
    },
    "stsb": {
        "spearmanr": 0.8769598321778272
    },
    "mrpc": {
        "acc": 0.8259803921568627
    }
}
----------
step: 2000
{
    "rte": {
        "acc": 0.6931407942238267
    },
    "stsb": {
        "spearmanr": 0.8771042361919444
    },
    "mrpc": {
        "acc": 0.8284313725490197
    }
}
----------
