step: 250
{
    "rte": {
        "acc": 0.6101083032490975
    },
    "stsb": {
        "spearmanr": 0.8529747551485691
    },
    "cola": {
        "matthews": 0.0
    }
}
----------
step: 500
{
    "rte": {
        "acc": 0.6534296028880866
    },
    "stsb": {
        "spearmanr": 0.8626056817152391
    },
    "cola": {
        "matthews": 0.0
    }
}
----------
step: 750
{
    "rte": {
        "acc": 0.6714801444043321
    },
    "stsb": {
        "spearmanr": 0.8678000571814368
    },
    "cola": {
        "matthews": 0.08036809130702588
    }
}
----------
step: 1000
{
    "rte": {
        "acc": 0.6389891696750902
    },
    "stsb": {
        "spearmanr": 0.8732907104319068
    },
    "cola": {
        "matthews": 0.1419750597825623
    }
}
----------
step: 1250
{
    "rte": {
        "acc": 0.6425992779783394
    },
    "stsb": {
        "spearmanr": 0.8740074778298331
    },
    "cola": {
        "matthews": 0.29991424917280024
    }
}
----------
step: 1500
{
    "rte": {
        "acc": 0.7003610108303249
    },
    "stsb": {
        "spearmanr": 0.8752804004153442
    },
    "cola": {
        "matthews": 0.27913621633688024
    }
}
----------
step: 1750
{
    "rte": {
        "acc": 0.6750902527075813
    },
    "stsb": {
        "spearmanr": 0.8754500072938067
    },
    "cola": {
        "matthews": 0.3571312569272602
    }
}
----------
step: 2000
{
    "rte": {
        "acc": 0.6895306859205776
    },
    "stsb": {
        "spearmanr": 0.8761828654501541
    },
    "cola": {
        "matthews": 0.36689045725372754
    }
}
----------
