step: 250
{
    "rte": {
        "acc": 0.6714801444043321
    },
    "stsb": {
        "spearmanr": 0.8512294870417777
    },
    "mrpc": {
        "acc": 0.7083333333333334
    },
    "cola": {
        "matthews": 0.0
    }
}
----------
step: 500
{
    "rte": {
        "acc": 0.6534296028880866
    },
    "stsb": {
        "spearmanr": 0.8651291994687373
    },
    "mrpc": {
        "acc": 0.7230392156862745
    },
    "cola": {
        "matthews": 0.0463559874942472
    }
}
----------
step: 750
{
    "rte": {
        "acc": 0.6895306859205776
    },
    "stsb": {
        "spearmanr": 0.866196410168695
    },
    "mrpc": {
        "acc": 0.7794117647058824
    },
    "cola": {
        "matthews": 0.21001289622400846
    }
}
----------
step: 1000
{
    "rte": {
        "acc": 0.6859205776173285
    },
    "stsb": {
        "spearmanr": 0.8711652409954567
    },
    "mrpc": {
        "acc": 0.8088235294117647
    },
    "cola": {
        "matthews": 0.2511634188543308
    }
}
----------
step: 1250
{
    "rte": {
        "acc": 0.6642599277978339
    },
    "stsb": {
        "spearmanr": 0.8716317288614542
    },
    "mrpc": {
        "acc": 0.8063725490196079
    },
    "cola": {
        "matthews": 0.34338716543699105
    }
}
----------
step: 1500
{
    "rte": {
        "acc": 0.6750902527075813
    },
    "stsb": {
        "spearmanr": 0.8722213360293903
    },
    "mrpc": {
        "acc": 0.7941176470588235
    },
    "cola": {
        "matthews": 0.3907085838177619
    }
}
----------
step: 1750
{
    "rte": {
        "acc": 0.6859205776173285
    },
    "stsb": {
        "spearmanr": 0.8715145721970776
    },
    "mrpc": {
        "acc": 0.8063725490196079
    },
    "cola": {
        "matthews": 0.40105540772769377
    }
}
----------
step: 2000
{
    "rte": {
        "acc": 0.6750902527075813
    },
    "stsb": {
        "spearmanr": 0.8714165116312713
    },
    "mrpc": {
        "acc": 0.8186274509803921
    },
    "cola": {
        "matthews": 0.39521791340818474
    }
}
----------
