step: 250
{
    "rte": {
        "acc": 0.6534296028880866
    },
    "stsb": {
        "spearmanr": 0.8485804656430607
    }
}
----------
step: 500
{
    "rte": {
        "acc": 0.6750902527075813
    },
    "stsb": {
        "spearmanr": 0.8662135792196743
    }
}
----------
step: 750
{
    "rte": {
        "acc": 0.6570397111913358
    },
    "stsb": {
        "spearmanr": 0.8730699593900807
    }
}
----------
step: 1000
{
    "rte": {
        "acc": 0.6498194945848376
    },
    "stsb": {
        "spearmanr": 0.8741047046524735
    }
}
----------
step: 1250
{
    "rte": {
        "acc": 0.703971119133574
    },
    "stsb": {
        "spearmanr": 0.8747005441438084
    }
}
----------
step: 1500
{
    "rte": {
        "acc": 0.6570397111913358
    },
    "stsb": {
        "spearmanr": 0.8784353260773321
    }
}
----------
step: 1750
{
    "rte": {
        "acc": 0.6859205776173285
    },
    "stsb": {
        "spearmanr": 0.878807112810444
    }
}
----------
step: 2000
{
    "rte": {
        "acc": 0.7003610108303249
    },
    "stsb": {
        "spearmanr": 0.8791402802998568
    }
}
----------
