step: 250
{
    "stsb": {
        "spearmanr": 0.8441669092203585
    },
    "cola": {
        "matthews": 0.0
    }
}
----------
step: 500
{
    "stsb": {
        "spearmanr": 0.861858873371341
    },
    "cola": {
        "matthews": 0.0
    }
}
----------
step: 750
{
    "stsb": {
        "spearmanr": 0.8728569734781615
    },
    "cola": {
        "matthews": 0.11382192951310593
    }
}
----------
step: 1000
{
    "stsb": {
        "spearmanr": 0.87561447004061
    },
    "cola": {
        "matthews": 0.15448851209958903
    }
}
----------
step: 1250
{
    "stsb": {
        "spearmanr": 0.8766507447761854
    },
    "cola": {
        "matthews": 0.3411498010721042
    }
}
----------
step: 1500
{
    "stsb": {
        "spearmanr": 0.8767273354659376
    },
    "cola": {
        "matthews": 0.34293690713131897
    }
}
----------
step: 1750
{
    "stsb": {
        "spearmanr": 0.877833078331289
    },
    "cola": {
        "matthews": 0.3566374441862646
    }
}
----------
step: 2000
{
    "stsb": {
        "spearmanr": 0.8781432831714234
    },
    "cola": {
        "matthews": 0.37823321772374313
    }
}
----------
