step: 250
{
    "stsb": {
        "spearmanr": 0.8464475263132905
    },
    "mrpc": {
        "acc": 0.7377450980392157
    }
}
----------
step: 500
{
    "stsb": {
        "spearmanr": 0.8610008923529556
    },
    "mrpc": {
        "acc": 0.7696078431372549
    }
}
----------
step: 750
{
    "stsb": {
        "spearmanr": 0.8700547598030427
    },
    "mrpc": {
        "acc": 0.7867647058823529
    }
}
----------
step: 1000
{
    "stsb": {
        "spearmanr": 0.8750765604172019
    },
    "mrpc": {
        "acc": 0.8137254901960784
    }
}
----------
step: 1250
{
    "stsb": {
        "spearmanr": 0.8746648928736852
    },
    "mrpc": {
        "acc": 0.8088235294117647
    }
}
----------
step: 1500
{
    "stsb": {
        "spearmanr": 0.8734509276241825
    },
    "mrpc": {
        "acc": 0.8431372549019608
    }
}
----------
step: 1750
{
    "stsb": {
        "spearmanr": 0.8741867128288106
    },
    "mrpc": {
        "acc": 0.8431372549019608
    }
}
----------
step: 2000
{
    "stsb": {
        "spearmanr": 0.8752183932551697
    },
    "mrpc": {
        "acc": 0.8455882352941176
    }
}
----------
