step: 250
{
    "stsb": {
        "spearmanr": 0.8375168957402273
    },
    "mrpc": {
        "acc": 0.7524509803921569
    },
    "cola": {
        "matthews": 0.0
    }
}
----------
step: 500
{
    "stsb": {
        "spearmanr": 0.8694724462344396
    },
    "mrpc": {
        "acc": 0.7426470588235294
    },
    "cola": {
        "matthews": 0.0
    }
}
----------
step: 750
{
    "stsb": {
        "spearmanr": 0.8733639738275973
    },
    "mrpc": {
        "acc": 0.7720588235294118
    },
    "cola": {
        "matthews": 0.161436222531046
    }
}
----------
step: 1000
{
    "stsb": {
        "spearmanr": 0.875304185129246
    },
    "mrpc": {
        "acc": 0.7769607843137255
    },
    "cola": {
        "matthews": 0.3210203032701329
    }
}
----------
step: 1250
{
    "stsb": {
        "spearmanr": 0.869119198660013
    },
    "mrpc": {
        "acc": 0.8088235294117647
    },
    "cola": {
        "matthews": 0.3885370732778558
    }
}
----------
step: 1500
{
    "stsb": {
        "spearmanr": 0.8730716996048032
    },
    "mrpc": {
        "acc": 0.8259803921568627
    },
    "cola": {
        "matthews": 0.30729794317698694
    }
}
----------
step: 1750
{
    "stsb": {
        "spearmanr": 0.8746545458914649
    },
    "mrpc": {
        "acc": 0.8186274509803921
    },
    "cola": {
        "matthews": 0.4050474199080361
    }
}
----------
step: 2000
{
    "stsb": {
        "spearmanr": 0.8745205226674205
    },
    "mrpc": {
        "acc": 0.8284313725490197
    },
    "cola": {
        "matthews": 0.40638502378315877
    }
}
----------
